23874 execve("./parent", ["./parent"], ["SHELL=/bin/bash", "SESSION_MANAGER=local/dima-KLVF-XX:@/tmp/.ICE-unix/1880,unix/dima-KLVF-XX:/tmp/.ICE-unix/1880", "QT_ACCESSIBILITY=1", "COLORTERM=truecolor", "XDG_CONFIG_DIRS=/etc/xdg/xdg-ubuntu:/etc/xdg", "SSH_AGENT_LAUNCHER=gnome-keyring", "XDG_MENU_PREFIX=gnome-", "GNOME_DESKTOP_SESSION_ID=this-is-deprecated", "LC_ADDRESS=ru_RU.UTF-8", "GNOME_SHELL_SESSION_MODE=ubuntu", "LC_NAME=ru_RU.UTF-8", "SSH_AUTH_SOCK=/run/user/1000/keyring/ssh", "XMODIFIERS=@im=ibus", "DESKTOP_SESSION=ubuntu", "LC_MONETARY=ru_RU.UTF-8", "GTK_MODULES=gail:atk-bridge", "PWD=/home/dima/oc/lab1", "LOGNAME=dima", "XDG_SESSION_DESKTOP=ubuntu", "XDG_SESSION_TYPE=wayland", "SYSTEMD_EXEC_PID=1907", "XAUTHORITY=/run/user/1000/.mutter-Xwaylandauth.KY9DH3", "HOME=/home/dima", "USERNAME=dima", "IM_CONFIG_PHASE=1", "LC_PAPER=ru_RU.UTF-8", "LANG=en_US.UTF-8", "LS_COLORS=rs=0:di=01;34:ln=01;36:mh=00:pi=40;33:so=01;35:do=01;35:bd=40;33;01:cd=40;33;01:or=40;31;01:mi=00:su=37;41:sg=30;43:ca=30;41:tw=30;42:ow=34;42:st=37;44:ex=01;32:*.tar=01;31:*.tgz=01;31:*.arc=01;31:*.arj=01;31:*.taz=01;31:*.lha=01;31:*.lz4=01;31:*"..., "XDG_CURRENT_DESKTOP=ubuntu:GNOME", "VTE_VERSION=6800", "WAYLAND_DISPLAY=wayland-0", "GNOME_TERMINAL_SCREEN=/org/gnome/Terminal/screen/d76f31be_bf4f_4483_842f_c433f296a3d3", "GNOME_SETUP_DISPLAY=:1", "LESSCLOSE=/usr/bin/lesspipe %s %s", "XDG_SESSION_CLASS=user", "TERM=xterm-256color", "LC_IDENTIFICATION=ru_RU.UTF-8", "LESSOPEN=| /usr/bin/lesspipe %s", "USER=dima", "GNOME_TERMINAL_SERVICE=:1.197", "DISPLAY=:0", "SHLVL=1", "LC_TELEPHONE=ru_RU.UTF-8", "QT_IM_MODULE=ibus", "LC_MEASUREMENT=ru_RU.UTF-8", "XDG_RUNTIME_DIR=/run/user/1000", "LC_TIME=ru_RU.UTF-8", "XDG_DATA_DIRS=/usr/share/ubuntu:/usr/local/share/:/usr/share/:/var/lib/snapd/desktop", "PATH=/home/dima/.local/bin:/usr/local/sbin:/usr/local/bin:/usr/sbin:/usr/bin:/sbin:/bin:/usr/games:/usr/local/games:/snap/bin:/snap/bin", "GDMSESSION=ubuntu", "DBUS_SESSION_BUS_ADDRESS=unix:path=/run/user/1000/bus", "LC_NUMERIC=ru_RU.UTF-8", "OLDPWD=/home/dima/oc", "_=/usr/bin/strace"]) = 0
23874 brk(NULL)                         = 0x5bffcccfe000
23874 arch_prctl(0x3001 /* ARCH_??? */, 0x7fff7ba31a50) = -1 EINVAL (Invalid argument)
23874 mmap(NULL, 8192, PROT_READ|PROT_WRITE, MAP_PRIVATE|MAP_ANONYMOUS, -1, 0) = 0x7ec5a7970000
23874 access("/etc/ld.so.preload", R_OK) = -1 ENOENT (No such file or directory)
23874 openat(AT_FDCWD, "/etc/ld.so.cache", O_RDONLY|O_CLOEXEC) = 3
23874 newfstatat(3, "", {st_dev=makedev(0x103, 0x8), st_ino=1704392, st_mode=S_IFREG|0644, st_nlink=1, st_uid=0, st_gid=0, st_blksize=4096, st_blocks=120, st_size=58428, st_atime=1765354638 /* 2025-12-10T11:17:18.797615161+0300 */, st_atime_nsec=797615161, st_mtime=1765354638 /* 2025-12-10T11:17:18.745614418+0300 */, st_mtime_nsec=745614418, st_ctime=1765354638 /* 2025-12-10T11:17:18.748614461+0300 */, st_ctime_nsec=748614461}, AT_EMPTY_PATH) = 0
23874 mmap(NULL, 58428, PROT_READ, MAP_PRIVATE, 3, 0) = 0x7ec5a7961000
23874 close(3)                          = 0
23874 openat(AT_FDCWD, "/lib/x86_64-linux-gnu/libc.so.6", O_RDONLY|O_CLOEXEC) = 3
23874 read(3, "\177ELF\2\1\1\3\0\0\0\0\0\0\0\0\3\0>\0\1\0\0\0P\237\2\0\0\0\0\0@\0\0\0\0\0\0\0\360\320!\0\0\0\0\0\0\0\0\0@\08\0\16\0@\0B\0A\0\6\0\0\0\4\0\0\0@\0\0\0\0\0\0\0@\0\0\0\0\0\0\0@\0\0\0\0\0\0\0\20\3\0\0\0\0\0\0\20\3\0\0\0\0\0\0\10\0\0\0\0\0\0\0\3\0\0\0\4\0\0\0000>\36\0\0\0\0\0000>\36\0\0\0\0\0000>\36\0\0\0\0\0\34\0\0\0\0\0\0\0\34\0\0\0\0\0\0\0\20\0\0\0\0\0\0\0\1\0\0\0\4\0\0\0\0\0\0\0\0\0\0\0\0\0\0\0\0\0\0\0\0\0\0\0\0\0\0\0\340\177\2\0\0\0\0\0\340\177\2\0\0\0\0\0\0\20\0\0\0\0\0\0\1\0\0\0\5\0\0\0\0\200\2\0\0\0\0\0\0\200\2\0\0\0\0\0"..., 832) = 832
23874 pread64(3, "\6\0\0\0\4\0\0\0@\0\0\0\0\0\0\0@\0\0\0\0\0\0\0@\0\0\0\0\0\0\0\20\3\0\0\0\0\0\0\20\3\0\0\0\0\0\0\10\0\0\0\0\0\0\0\3\0\0\0\4\0\0\0000>\36\0\0\0\0\0000>\36\0\0\0\0\0000>\36\0\0\0\0\0\34\0\0\0\0\0\0\0\34\0\0\0\0\0\0\0\20\0\0\0\0\0\0\0\1\0\0\0\4\0\0\0\0\0\0\0\0\0\0\0\0\0\0\0\0\0\0\0\0\0\0\0\0\0\0\0\340\177\2\0\0\0\0\0\340\177\2\0\0\0\0\0\0\20\0\0\0\0\0\0\1\0\0\0\5\0\0\0\0\200\2\0\0\0\0\0\0\200\2\0\0\0\0\0\0\200\2\0\0\0\0\0\301C\31\0\0\0\0\0\301C\31\0\0\0\0\0\0\20\0\0\0\0\0\0\1\0\0\0\4\0\0\0\0\320\33\0\0\0\0\0\0\320\33\0\0\0\0\0\0\320\33\0\0\0\0\0"..., 784, 64) = 784
23874 pread64(3, "\4\0\0\0 \0\0\0\5\0\0\0GNU\0\2\0\0\300\4\0\0\0\3\0\0\0\0\0\0\0\2\200\0\300\4\0\0\0\1\0\0\0\0\0\0\0", 48, 848) = 48
23874 pread64(3, "\4\0\0\0\24\0\0\0\3\0\0\0GNU\0O{\f\225\\=\201\327\312\301P\32$\230\266\235\35\202\277\347\4\0\0\0\20\0\0\0\1\0\0\0GNU\0\0\0\0\0\3\0\0\0\2\0\0\0\0\0\0\0", 68, 896) = 68
23874 newfstatat(3, "", {st_dev=makedev(0x103, 0x8), st_ino=133233, st_mode=S_IFREG|0755, st_nlink=1, st_uid=0, st_gid=0, st_blksize=4096, st_blocks=4344, st_size=2220400, st_atime=1765353930 /* 2025-12-10T11:05:30.750000173+0300 */, st_atime_nsec=750000173, st_mtime=1758122768 /* 2025-09-17T18:26:08+0300 */, st_mtime_nsec=0, st_ctime=1762246996 /* 2025-11-04T12:03:16.473341543+0300 */, st_ctime_nsec=473341543}, AT_EMPTY_PATH) = 0
23874 pread64(3, "\6\0\0\0\4\0\0\0@\0\0\0\0\0\0\0@\0\0\0\0\0\0\0@\0\0\0\0\0\0\0\20\3\0\0\0\0\0\0\20\3\0\0\0\0\0\0\10\0\0\0\0\0\0\0\3\0\0\0\4\0\0\0000>\36\0\0\0\0\0000>\36\0\0\0\0\0000>\36\0\0\0\0\0\34\0\0\0\0\0\0\0\34\0\0\0\0\0\0\0\20\0\0\0\0\0\0\0\1\0\0\0\4\0\0\0\0\0\0\0\0\0\0\0\0\0\0\0\0\0\0\0\0\0\0\0\0\0\0\0\340\177\2\0\0\0\0\0\340\177\2\0\0\0\0\0\0\20\0\0\0\0\0\0\1\0\0\0\5\0\0\0\0\200\2\0\0\0\0\0\0\200\2\0\0\0\0\0\0\200\2\0\0\0\0\0\301C\31\0\0\0\0\0\301C\31\0\0\0\0\0\0\20\0\0\0\0\0\0\1\0\0\0\4\0\0\0\0\320\33\0\0\0\0\0\0\320\33\0\0\0\0\0\0\320\33\0\0\0\0\0"..., 784, 64) = 784
23874 mmap(NULL, 2264656, PROT_READ, MAP_PRIVATE|MAP_DENYWRITE, 3, 0) = 0x7ec5a7600000
23874 mprotect(0x7ec5a7628000, 2023424, PROT_NONE) = 0
23874 mmap(0x7ec5a7628000, 1658880, PROT_READ|PROT_EXEC, MAP_PRIVATE|MAP_FIXED|MAP_DENYWRITE, 3, 0x28000) = 0x7ec5a7628000
23874 mmap(0x7ec5a77bd000, 360448, PROT_READ, MAP_PRIVATE|MAP_FIXED|MAP_DENYWRITE, 3, 0x1bd000) = 0x7ec5a77bd000
23874 mmap(0x7ec5a7816000, 24576, PROT_READ|PROT_WRITE, MAP_PRIVATE|MAP_FIXED|MAP_DENYWRITE, 3, 0x215000) = 0x7ec5a7816000
23874 mmap(0x7ec5a781c000, 52816, PROT_READ|PROT_WRITE, MAP_PRIVATE|MAP_FIXED|MAP_ANONYMOUS, -1, 0) = 0x7ec5a781c000
23874 close(3)                          = 0
23874 mmap(NULL, 12288, PROT_READ|PROT_WRITE, MAP_PRIVATE|MAP_ANONYMOUS, -1, 0) = 0x7ec5a795e000
23874 arch_prctl(ARCH_SET_FS, 0x7ec5a795e740) = 0
23874 set_tid_address(0x7ec5a795ea10)   = 23874
23874 set_robust_list(0x7ec5a795ea20, 24) = 0
23874 rseq(0x7ec5a795f0e0, 0x20, 0, 0x53053053) = 0
23874 mprotect(0x7ec5a7816000, 16384, PROT_READ) = 0
23874 mprotect(0x5bffc3759000, 4096, PROT_READ) = 0
23874 mprotect(0x7ec5a79aa000, 8192, PROT_READ) = 0
23874 prlimit64(0, RLIMIT_STACK, NULL, {rlim_cur=8192*1024, rlim_max=RLIM64_INFINITY}) = 0
23874 munmap(0x7ec5a7961000, 58428)     = 0
23874 newfstatat(1, "", {st_dev=makedev(0, 0x19), st_ino=3, st_mode=S_IFCHR|0620, st_nlink=1, st_uid=1000, st_gid=5, st_blksize=1024, st_blocks=0, st_rdev=makedev(0x88, 0), st_atime=1765368188 /* 2025-12-10T15:03:08+0300 */, st_atime_nsec=0, st_mtime=1765368188 /* 2025-12-10T15:03:08+0300 */, st_mtime_nsec=0, st_ctime=1765367525 /* 2025-12-10T14:52:05.042322038+0300 */, st_ctime_nsec=42322038}, AT_EMPTY_PATH) = 0
23874 getrandom("\xad\x15\xd3\xdc\xab\x8a\x46\xe7", 8, GRND_NONBLOCK) = 8
23874 brk(NULL)                         = 0x5bffcccfe000
23874 brk(0x5bffccd1f000)               = 0x5bffccd1f000
23874 newfstatat(0, "", {st_dev=makedev(0, 0x19), st_ino=3, st_mode=S_IFCHR|0620, st_nlink=1, st_uid=1000, st_gid=5, st_blksize=1024, st_blocks=0, st_rdev=makedev(0x88, 0), st_atime=1765368188 /* 2025-12-10T15:03:08+0300 */, st_atime_nsec=0, st_mtime=1765368188 /* 2025-12-10T15:03:08+0300 */, st_mtime_nsec=0, st_ctime=1765367525 /* 2025-12-10T14:52:05.042322038+0300 */, st_ctime_nsec=42322038}, AT_EMPTY_PATH) = 0
23874 write(1, "\320\222\320\262\320\265\320\264\320\270\321\202\320\265 \320\270\320\274\321\217 \321\204\320\260\320\271\320\273\320\260: ", 34) = 34
23874 read(0, "input.txt\n", 1024)      = 10
23874 pipe2([3, 4], 0)                  = 0
23874 clone(child_stack=NULL, flags=CLONE_CHILD_CLEARTID|CLONE_CHILD_SETTID|SIGCHLD, child_tidptr=0x7ec5a795ea10) = 23878
23874 close(4 <unfinished ...>
23878 set_robust_list(0x7ec5a795ea20, 24 <unfinished ...>
23874 <... close resumed>)              = 0
23874 read(3,  <unfinished ...>
23878 <... set_robust_list resumed>)    = 0
23878 close(3)                          = 0
23878 dup2(4, 1)                        = 1
23878 close(4)                          = 0
23878 execve("./child", ["child", "input.txt"], ["SHELL=/bin/bash", "SESSION_MANAGER=local/dima-KLVF-XX:@/tmp/.ICE-unix/1880,unix/dima-KLVF-XX:/tmp/.ICE-unix/1880", "QT_ACCESSIBILITY=1", "COLORTERM=truecolor", "XDG_CONFIG_DIRS=/etc/xdg/xdg-ubuntu:/etc/xdg", "SSH_AGENT_LAUNCHER=gnome-keyring", "XDG_MENU_PREFIX=gnome-", "GNOME_DESKTOP_SESSION_ID=this-is-deprecated", "LC_ADDRESS=ru_RU.UTF-8", "GNOME_SHELL_SESSION_MODE=ubuntu", "LC_NAME=ru_RU.UTF-8", "SSH_AUTH_SOCK=/run/user/1000/keyring/ssh", "XMODIFIERS=@im=ibus", "DESKTOP_SESSION=ubuntu", "LC_MONETARY=ru_RU.UTF-8", "GTK_MODULES=gail:atk-bridge", "PWD=/home/dima/oc/lab1", "LOGNAME=dima", "XDG_SESSION_DESKTOP=ubuntu", "XDG_SESSION_TYPE=wayland", "SYSTEMD_EXEC_PID=1907", "XAUTHORITY=/run/user/1000/.mutter-Xwaylandauth.KY9DH3", "HOME=/home/dima", "USERNAME=dima", "IM_CONFIG_PHASE=1", "LC_PAPER=ru_RU.UTF-8", "LANG=en_US.UTF-8", "LS_COLORS=rs=0:di=01;34:ln=01;36:mh=00:pi=40;33:so=01;35:do=01;35:bd=40;33;01:cd=40;33;01:or=40;31;01:mi=00:su=37;41:sg=30;43:ca=30;41:tw=30;42:ow=34;42:st=37;44:ex=01;32:*.tar=01;31:*.tgz=01;31:*.arc=01;31:*.arj=01;31:*.taz=01;31:*.lha=01;31:*.lz4=01;31:*"..., "XDG_CURRENT_DESKTOP=ubuntu:GNOME", "VTE_VERSION=6800", "WAYLAND_DISPLAY=wayland-0", "GNOME_TERMINAL_SCREEN=/org/gnome/Terminal/screen/d76f31be_bf4f_4483_842f_c433f296a3d3", "GNOME_SETUP_DISPLAY=:1", "LESSCLOSE=/usr/bin/lesspipe %s %s", "XDG_SESSION_CLASS=user", "TERM=xterm-256color", "LC_IDENTIFICATION=ru_RU.UTF-8", "LESSOPEN=| /usr/bin/lesspipe %s", "USER=dima", "GNOME_TERMINAL_SERVICE=:1.197", "DISPLAY=:0", "SHLVL=1", "LC_TELEPHONE=ru_RU.UTF-8", "QT_IM_MODULE=ibus", "LC_MEASUREMENT=ru_RU.UTF-8", "XDG_RUNTIME_DIR=/run/user/1000", "LC_TIME=ru_RU.UTF-8", "XDG_DATA_DIRS=/usr/share/ubuntu:/usr/local/share/:/usr/share/:/var/lib/snapd/desktop", "PATH=/home/dima/.local/bin:/usr/local/sbin:/usr/local/bin:/usr/sbin:/usr/bin:/sbin:/bin:/usr/games:/usr/local/games:/snap/bin:/snap/bin", "GDMSESSION=ubuntu", "DBUS_SESSION_BUS_ADDRESS=unix:path=/run/user/1000/bus", "LC_NUMERIC=ru_RU.UTF-8", "OLDPWD=/home/dima/oc", "_=/usr/bin/strace"]) = 0
23878 brk(NULL)                         = 0x5f8820061000
23878 arch_prctl(0x3001 /* ARCH_??? */, 0x7ffcaeb312b0) = -1 EINVAL (Invalid argument)
23878 mmap(NULL, 8192, PROT_READ|PROT_WRITE, MAP_PRIVATE|MAP_ANONYMOUS, -1, 0) = 0x72c2ebb1b000
23878 access("/etc/ld.so.preload", R_OK) = -1 ENOENT (No such file or directory)
23878 openat(AT_FDCWD, "/etc/ld.so.cache", O_RDONLY|O_CLOEXEC) = 3
23878 newfstatat(3, "", {st_dev=makedev(0x103, 0x8), st_ino=1704392, st_mode=S_IFREG|0644, st_nlink=1, st_uid=0, st_gid=0, st_blksize=4096, st_blocks=120, st_size=58428, st_atime=1765354638 /* 2025-12-10T11:17:18.797615161+0300 */, st_atime_nsec=797615161, st_mtime=1765354638 /* 2025-12-10T11:17:18.745614418+0300 */, st_mtime_nsec=745614418, st_ctime=1765354638 /* 2025-12-10T11:17:18.748614461+0300 */, st_ctime_nsec=748614461}, AT_EMPTY_PATH) = 0
23878 mmap(NULL, 58428, PROT_READ, MAP_PRIVATE, 3, 0) = 0x72c2ebb0c000
23878 close(3)                          = 0
23878 openat(AT_FDCWD, "/lib/x86_64-linux-gnu/libc.so.6", O_RDONLY|O_CLOEXEC) = 3
23878 read(3, "\177ELF\2\1\1\3\0\0\0\0\0\0\0\0\3\0>\0\1\0\0\0P\237\2\0\0\0\0\0@\0\0\0\0\0\0\0\360\320!\0\0\0\0\0\0\0\0\0@\08\0\16\0@\0B\0A\0\6\0\0\0\4\0\0\0@\0\0\0\0\0\0\0@\0\0\0\0\0\0\0@\0\0\0\0\0\0\0\20\3\0\0\0\0\0\0\20\3\0\0\0\0\0\0\10\0\0\0\0\0\0\0\3\0\0\0\4\0\0\0000>\36\0\0\0\0\0000>\36\0\0\0\0\0000>\36\0\0\0\0\0\34\0\0\0\0\0\0\0\34\0\0\0\0\0\0\0\20\0\0\0\0\0\0\0\1\0\0\0\4\0\0\0\0\0\0\0\0\0\0\0\0\0\0\0\0\0\0\0\0\0\0\0\0\0\0\0\340\177\2\0\0\0\0\0\340\177\2\0\0\0\0\0\0\20\0\0\0\0\0\0\1\0\0\0\5\0\0\0\0\200\2\0\0\0\0\0\0\200\2\0\0\0\0\0"..., 832) = 832
23878 pread64(3, "\6\0\0\0\4\0\0\0@\0\0\0\0\0\0\0@\0\0\0\0\0\0\0@\0\0\0\0\0\0\0\20\3\0\0\0\0\0\0\20\3\0\0\0\0\0\0\10\0\0\0\0\0\0\0\3\0\0\0\4\0\0\0000>\36\0\0\0\0\0000>\36\0\0\0\0\0000>\36\0\0\0\0\0\34\0\0\0\0\0\0\0\34\0\0\0\0\0\0\0\20\0\0\0\0\0\0\0\1\0\0\0\4\0\0\0\0\0\0\0\0\0\0\0\0\0\0\0\0\0\0\0\0\0\0\0\0\0\0\0\340\177\2\0\0\0\0\0\340\177\2\0\0\0\0\0\0\20\0\0\0\0\0\0\1\0\0\0\5\0\0\0\0\200\2\0\0\0\0\0\0\200\2\0\0\0\0\0\0\200\2\0\0\0\0\0\301C\31\0\0\0\0\0\301C\31\0\0\0\0\0\0\20\0\0\0\0\0\0\1\0\0\0\4\0\0\0\0\320\33\0\0\0\0\0\0\320\33\0\0\0\0\0\0\320\33\0\0\0\0\0"..., 784, 64) = 784
23878 pread64(3, "\4\0\0\0 \0\0\0\5\0\0\0GNU\0\2\0\0\300\4\0\0\0\3\0\0\0\0\0\0\0\2\200\0\300\4\0\0\0\1\0\0\0\0\0\0\0", 48, 848) = 48
23878 pread64(3, "\4\0\0\0\24\0\0\0\3\0\0\0GNU\0O{\f\225\\=\201\327\312\301P\32$\230\266\235\35\202\277\347\4\0\0\0\20\0\0\0\1\0\0\0GNU\0\0\0\0\0\3\0\0\0\2\0\0\0\0\0\0\0", 68, 896) = 68
23878 newfstatat(3, "", {st_dev=makedev(0x103, 0x8), st_ino=133233, st_mode=S_IFREG|0755, st_nlink=1, st_uid=0, st_gid=0, st_blksize=4096, st_blocks=4344, st_size=2220400, st_atime=1765353930 /* 2025-12-10T11:05:30.750000173+0300 */, st_atime_nsec=750000173, st_mtime=1758122768 /* 2025-09-17T18:26:08+0300 */, st_mtime_nsec=0, st_ctime=1762246996 /* 2025-11-04T12:03:16.473341543+0300 */, st_ctime_nsec=473341543}, AT_EMPTY_PATH) = 0
23878 pread64(3, "\6\0\0\0\4\0\0\0@\0\0\0\0\0\0\0@\0\0\0\0\0\0\0@\0\0\0\0\0\0\0\20\3\0\0\0\0\0\0\20\3\0\0\0\0\0\0\10\0\0\0\0\0\0\0\3\0\0\0\4\0\0\0000>\36\0\0\0\0\0000>\36\0\0\0\0\0000>\36\0\0\0\0\0\34\0\0\0\0\0\0\0\34\0\0\0\0\0\0\0\20\0\0\0\0\0\0\0\1\0\0\0\4\0\0\0\0\0\0\0\0\0\0\0\0\0\0\0\0\0\0\0\0\0\0\0\0\0\0\0\340\177\2\0\0\0\0\0\340\177\2\0\0\0\0\0\0\20\0\0\0\0\0\0\1\0\0\0\5\0\0\0\0\200\2\0\0\0\0\0\0\200\2\0\0\0\0\0\0\200\2\0\0\0\0\0\301C\31\0\0\0\0\0\301C\31\0\0\0\0\0\0\20\0\0\0\0\0\0\1\0\0\0\4\0\0\0\0\320\33\0\0\0\0\0\0\320\33\0\0\0\0\0\0\320\33\0\0\0\0\0"..., 784, 64) = 784
23878 mmap(NULL, 2264656, PROT_READ, MAP_PRIVATE|MAP_DENYWRITE, 3, 0) = 0x72c2eb800000
23878 mprotect(0x72c2eb828000, 2023424, PROT_NONE) = 0
23878 mmap(0x72c2eb828000, 1658880, PROT_READ|PROT_EXEC, MAP_PRIVATE|MAP_FIXED|MAP_DENYWRITE, 3, 0x28000) = 0x72c2eb828000
23878 mmap(0x72c2eb9bd000, 360448, PROT_READ, MAP_PRIVATE|MAP_FIXED|MAP_DENYWRITE, 3, 0x1bd000) = 0x72c2eb9bd000
23878 mmap(0x72c2eba16000, 24576, PROT_READ|PROT_WRITE, MAP_PRIVATE|MAP_FIXED|MAP_DENYWRITE, 3, 0x215000) = 0x72c2eba16000
23878 mmap(0x72c2eba1c000, 52816, PROT_READ|PROT_WRITE, MAP_PRIVATE|MAP_FIXED|MAP_ANONYMOUS, -1, 0) = 0x72c2eba1c000
23878 close(3)                          = 0
23878 mmap(NULL, 12288, PROT_READ|PROT_WRITE, MAP_PRIVATE|MAP_ANONYMOUS, -1, 0) = 0x72c2ebb09000
23878 arch_prctl(ARCH_SET_FS, 0x72c2ebb09740) = 0
23878 set_tid_address(0x72c2ebb09a10)   = 23878
23878 set_robust_list(0x72c2ebb09a20, 24) = 0
23878 rseq(0x72c2ebb0a0e0, 0x20, 0, 0x53053053) = 0
23878 mprotect(0x72c2eba16000, 16384, PROT_READ) = 0
23878 mprotect(0x5f87f940a000, 4096, PROT_READ) = 0
23878 mprotect(0x72c2ebb55000, 8192, PROT_READ) = 0
23878 prlimit64(0, RLIMIT_STACK, NULL, {rlim_cur=8192*1024, rlim_max=RLIM64_INFINITY}) = 0
23878 munmap(0x72c2ebb0c000, 58428)     = 0
23878 getrandom("\xc3\x69\x65\x6f\xc4\xf9\x9f\xb1", 8, GRND_NONBLOCK) = 8
23878 brk(NULL)                         = 0x5f8820061000
23878 brk(0x5f8820082000)               = 0x5f8820082000
23878 openat(AT_FDCWD, "input.txt", O_RDONLY) = 3
23878 dup2(3, 0)                        = 0
23878 close(3)                          = 0
23878 newfstatat(0, "", {st_dev=makedev(0x103, 0x8), st_ino=2382090, st_mode=S_IFREG|0664, st_nlink=1, st_uid=1000, st_gid=1000, st_blksize=4096, st_blocks=8, st_size=65, st_atime=1765368070 /* 2025-12-10T15:01:10.298493094+0300 */, st_atime_nsec=298493094, st_mtime=1762249177 /* 2025-11-04T12:39:37.719660773+0300 */, st_mtime_nsec=719660773, st_ctime=1762249177 /* 2025-11-04T12:39:37.719660773+0300 */, st_ctime_nsec=719660773}, AT_EMPTY_PATH) = 0
23878 read(0, "10.5 20.3 30.7\n5.1 15.2 25.3 35.4\n100.0 200.0\n1.5 2.5 3.5 4.5 5.5", 4096) = 65
23878 newfstatat(1, "", {st_dev=makedev(0, 0xe), st_ino=121702, st_mode=S_IFIFO|0600, st_nlink=1, st_uid=1000, st_gid=1000, st_blksize=4096, st_blocks=0, st_size=0, st_atime=1765368193 /* 2025-12-10T15:03:13.155779171+0300 */, st_atime_nsec=155779171, st_mtime=1765368193 /* 2025-12-10T15:03:13.155779171+0300 */, st_mtime_nsec=155779171, st_ctime=1765368193 /* 2025-12-10T15:03:13.155779171+0300 */, st_ctime_nsec=155779171}, AT_EMPTY_PATH) = 0
23878 write(1, "\320\241\321\203\320\274\320\274\320\260: 61.50 (\320\270\320\267 3 \321\207\320\270\321\201\320\265\320\273)\n", 38 <unfinished ...>
23874 <... read resumed>"\320\241\321\203\320\274\320\274\320\260: 61.50 (\320\270\320\267 3 \321\207\320\270\321\201\320\265\320\273)\n", 1023) = 38
23878 <... write resumed>)              = 38
23878 write(1, "\320\241\321\203\320\274\320\274\320\260: 81.00 (\320\270\320\267 4 \321\207\320\270\321\201\320\265\320\273)\n", 38 <unfinished ...>
23874 write(1, "\320\241\321\203\320\274\320\274\320\260: 61.50 (\320\270\320\267 3 \321\207\320\270\321\201\320\265\320\273)\n", 38 <unfinished ...>
23878 <... write resumed>)              = 38
23874 <... write resumed>)              = 38
23878 write(1, "\320\241\321\203\320\274\320\274\320\260: 300.00 (\320\270\320\267 2 \321\207\320\270\321\201\320\265\320\273)\n", 39 <unfinished ...>
23874 read(3,  <unfinished ...>
23878 <... write resumed>)              = 39
23874 <... read resumed>"\320\241\321\203\320\274\320\274\320\260: 81.00 (\320\270\320\267 4 \321\207\320\270\321\201\320\265\320\273)\n\320\241\321\203\320\274\320\274\320\260: 300.00 (\320\270\320\267 2 \321\207\320\270\321\201\320\265\320\273)\n", 1023) = 77
23878 read(0,  <unfinished ...>
23874 write(1, "\320\241\321\203\320\274\320\274\320\260: 81.00 (\320\270\320\267 4 \321\207\320\270\321\201\320\265\320\273)\n\320\241\321\203\320\274\320\274\320\260: 300.00 (\320\270\320\267 2 \321\207\320\270\321\201\320\265\320\273)\n", 77 <unfinished ...>
23878 <... read resumed>"", 4096)       = 0
23874 <... write resumed>)              = 77
23874 read(3,  <unfinished ...>
23878 write(1, "\320\241\321\203\320\274\320\274\320\260: 17.50 (\320\270\320\267 5 \321\207\320\270\321\201\320\265\320\273)\n", 38 <unfinished ...>
23874 <... read resumed>"\320\241\321\203\320\274\320\274\320\260: 17.50 (\320\270\320\267 5 \321\207\320\270\321\201\320\265\320\273)\n", 1023) = 38
23878 <... write resumed>)              = 38
23874 write(1, "\320\241\321\203\320\274\320\274\320\260: 17.50 (\320\270\320\267 5 \321\207\320\270\321\201\320\265\320\273)\n", 38) = 38
23878 exit_group(0 <unfinished ...>
23874 read(3,  <unfinished ...>
23878 <... exit_group resumed>)         = ?
23874 <... read resumed>"", 1023)       = 0
23878 +++ exited with 0 +++
23874 --- SIGCHLD {si_signo=SIGCHLD, si_code=CLD_EXITED, si_pid=23878, si_uid=1000, si_status=0, si_utime=0, si_stime=0} ---
23874 close(3)                          = 0
23874 wait4(-1, NULL, 0, NULL)          = 23878
23874 write(1, "\320\240\320\276\320\264\320\270\321\202\320\265\320\273\321\214\321\201\320\272\320\270\320\271 \320\277\321\200\320\276\321\206\320\265\321\201\321\201 \320\267\320\260\320\262\320\265\321\200\321\210\320\265\320\275.\n", 58) = 58
23874 exit_group(0)                     = ?
23874 +++ exited with 0 +++
