execve("./program2", ["./program2"], ["SHELL=/bin/bash", "SESSION_MANAGER=local/dima-KLVF-"..., "QT_ACCESSIBILITY=1", "COLORTERM=truecolor", "XDG_CONFIG_DIRS=/etc/xdg/xdg-ubu"..., "SSH_AGENT_LAUNCHER=gnome-keyring", "XDG_MENU_PREFIX=gnome-", "GNOME_DESKTOP_SESSION_ID=this-is"..., "LC_ADDRESS=ru_RU.UTF-8", "GNOME_SHELL_SESSION_MODE=ubuntu", "LC_NAME=ru_RU.UTF-8", "SSH_AUTH_SOCK=/run/user/1000/key"..., "XMODIFIERS=@im=ibus", "DESKTOP_SESSION=ubuntu", "LC_MONETARY=ru_RU.UTF-8", "GTK_MODULES=gail:atk-bridge", "PWD=/home/dima/oc/lab4", "LOGNAME=dima", "XDG_SESSION_DESKTOP=ubuntu", "XDG_SESSION_TYPE=wayland", "SYSTEMD_EXEC_PID=1907", "XAUTHORITY=/run/user/1000/.mutte"..., "HOME=/home/dima", "USERNAME=dima", "IM_CONFIG_PHASE=1", "LC_PAPER=ru_RU.UTF-8", "LANG=en_US.UTF-8", "LS_COLORS=rs=0:di=01;34:ln=01;36"..., "XDG_CURRENT_DESKTOP=ubuntu:GNOME", "VTE_VERSION=6800", "WAYLAND_DISPLAY=wayland-0", "GNOME_TERMINAL_SCREEN=/org/gnome"..., "GNOME_SETUP_DISPLAY=:1", "LESSCLOSE=/usr/bin/lesspipe %s %"..., "XDG_SESSION_CLASS=user", "TERM=xterm-256color", "LC_IDENTIFICATION=ru_RU.UTF-8", "LESSOPEN=| /usr/bin/lesspipe %s", "USER=dima", "GNOME_TERMINAL_SERVICE=:1.197", "DISPLAY=:0", "SHLVL=1", "LC_TELEPHONE=ru_RU.UTF-8", "QT_IM_MODULE=ibus", "LC_MEASUREMENT=ru_RU.UTF-8", "XDG_RUNTIME_DIR=/run/user/1000", "LC_TIME=ru_RU.UTF-8", "XDG_DATA_DIRS=/usr/share/ubuntu:"..., "PATH=/home/dima/.local/bin:/usr/"..., "GDMSESSION=ubuntu", "DBUS_SESSION_BUS_ADDRESS=unix:pa"..., "LC_NUMERIC=ru_RU.UTF-8", "OLDPWD=/home/dima/oc", "_=/usr/bin/strace"]) = 0
brk(NULL)                               = 0x5f5367a11000
arch_prctl(0x3001 /* ARCH_??? */, 0x7fff59fdfe70) = -1 EINVAL (Invalid argument)
mmap(NULL, 8192, PROT_READ|PROT_WRITE, MAP_PRIVATE|MAP_ANONYMOUS, -1, 0) = 0x70bd84b01000
access("/etc/ld.so.preload", R_OK)      = -1 ENOENT (No such file or directory)
openat(AT_FDCWD, "/etc/ld.so.cache", O_RDONLY|O_CLOEXEC) = 3
newfstatat(3, "", {st_dev=makedev(0x103, 0x8), st_ino=1704392, st_mode=S_IFREG|0644, st_nlink=1, st_uid=0, st_gid=0, st_blksize=4096, st_blocks=120, st_size=58428, st_atime=1765354638 /* 2025-12-10T11:17:18.797615161+0300 */, st_atime_nsec=797615161, st_mtime=1765354638 /* 2025-12-10T11:17:18.745614418+0300 */, st_mtime_nsec=745614418, st_ctime=1765354638 /* 2025-12-10T11:17:18.748614461+0300 */, st_ctime_nsec=748614461}, AT_EMPTY_PATH) = 0
mmap(NULL, 58428, PROT_READ, MAP_PRIVATE, 3, 0) = 0x70bd84af2000
close(3)                                = 0
openat(AT_FDCWD, "/lib/x86_64-linux-gnu/libc.so.6", O_RDONLY|O_CLOEXEC) = 3
read(3, "\177ELF\2\1\1\3\0\0\0\0\0\0\0\0\3\0>\0\1\0\0\0P\237\2\0\0\0\0\0"..., 832) = 832
pread64(3, "\6\0\0\0\4\0\0\0@\0\0\0\0\0\0\0@\0\0\0\0\0\0\0@\0\0\0\0\0\0\0"..., 784, 64) = 784
pread64(3, "\4\0\0\0 \0\0\0\5\0\0\0GNU\0\2\0\0\300\4\0\0\0\3\0\0\0\0\0\0\0"..., 48, 848) = 48
pread64(3, "\4\0\0\0\24\0\0\0\3\0\0\0GNU\0O{\f\225\\=\201\327\312\301P\32$\230\266\235"..., 68, 896) = 68
newfstatat(3, "", {st_dev=makedev(0x103, 0x8), st_ino=133233, st_mode=S_IFREG|0755, st_nlink=1, st_uid=0, st_gid=0, st_blksize=4096, st_blocks=4344, st_size=2220400, st_atime=1765353930 /* 2025-12-10T11:05:30.750000173+0300 */, st_atime_nsec=750000173, st_mtime=1758122768 /* 2025-09-17T18:26:08+0300 */, st_mtime_nsec=0, st_ctime=1762246996 /* 2025-11-04T12:03:16.473341543+0300 */, st_ctime_nsec=473341543}, AT_EMPTY_PATH) = 0
pread64(3, "\6\0\0\0\4\0\0\0@\0\0\0\0\0\0\0@\0\0\0\0\0\0\0@\0\0\0\0\0\0\0"..., 784, 64) = 784
mmap(NULL, 2264656, PROT_READ, MAP_PRIVATE|MAP_DENYWRITE, 3, 0) = 0x70bd84800000
mprotect(0x70bd84828000, 2023424, PROT_NONE) = 0
mmap(0x70bd84828000, 1658880, PROT_READ|PROT_EXEC, MAP_PRIVATE|MAP_FIXED|MAP_DENYWRITE, 3, 0x28000) = 0x70bd84828000
mmap(0x70bd849bd000, 360448, PROT_READ, MAP_PRIVATE|MAP_FIXED|MAP_DENYWRITE, 3, 0x1bd000) = 0x70bd849bd000
mmap(0x70bd84a16000, 24576, PROT_READ|PROT_WRITE, MAP_PRIVATE|MAP_FIXED|MAP_DENYWRITE, 3, 0x215000) = 0x70bd84a16000
mmap(0x70bd84a1c000, 52816, PROT_READ|PROT_WRITE, MAP_PRIVATE|MAP_FIXED|MAP_ANONYMOUS, -1, 0) = 0x70bd84a1c000
close(3)                                = 0
mmap(NULL, 12288, PROT_READ|PROT_WRITE, MAP_PRIVATE|MAP_ANONYMOUS, -1, 0) = 0x70bd84aef000
arch_prctl(ARCH_SET_FS, 0x70bd84aef740) = 0
set_tid_address(0x70bd84aefa10)         = 24517
set_robust_list(0x70bd84aefa20, 24)     = 0
rseq(0x70bd84af00e0, 0x20, 0, 0x53053053) = 0
mprotect(0x70bd84a16000, 16384, PROT_READ) = 0
mprotect(0x5f5360988000, 4096, PROT_READ) = 0
mprotect(0x70bd84b3b000, 8192, PROT_READ) = 0
prlimit64(0, RLIMIT_STACK, NULL, {rlim_cur=8192*1024, rlim_max=RLIM64_INFINITY}) = 0
munmap(0x70bd84af2000, 58428)           = 0
newfstatat(1, "", {st_dev=makedev(0, 0x19), st_ino=3, st_mode=S_IFCHR|0620, st_nlink=1, st_uid=1000, st_gid=5, st_blksize=1024, st_blocks=0, st_rdev=makedev(0x88, 0), st_atime=1765368616 /* 2025-12-10T15:10:16+0300 */, st_atime_nsec=0, st_mtime=1765368616 /* 2025-12-10T15:10:16+0300 */, st_mtime_nsec=0, st_ctime=1765367525 /* 2025-12-10T14:52:05.042322038+0300 */, st_ctime_nsec=42322038}, AT_EMPTY_PATH) = 0
getrandom("\x38\xc2\x74\x50\x17\x64\xd9\xf3", 8, GRND_NONBLOCK) = 8
brk(NULL)                               = 0x5f5367a11000
brk(0x5f5367a32000)                     = 0x5f5367a32000
write(1, "\320\237\321\200\320\276\320\263\321\200\320\260\320\274\320\274\320\260 2: \320\264\320\270\320\275\320\260\320\274"..., 83) = 83
openat(AT_FDCWD, "./libimplementation1.so", O_RDONLY|O_CLOEXEC) = 3
read(3, "\177ELF\2\1\1\0\0\0\0\0\0\0\0\0\3\0>\0\1\0\0\0\0\0\0\0\0\0\0\0"..., 832) = 832
newfstatat(3, "", {st_dev=makedev(0x103, 0x8), st_ino=2367991, st_mode=S_IFREG|0775, st_nlink=1, st_uid=1000, st_gid=1000, st_blksize=4096, st_blocks=32, st_size=15592, st_atime=1765364702 /* 2025-12-10T14:05:02.097048570+0300 */, st_atime_nsec=97048570, st_mtime=1765364698 /* 2025-12-10T14:04:58.381976795+0300 */, st_mtime_nsec=381976795, st_ctime=1765364698 /* 2025-12-10T14:04:58.381976795+0300 */, st_ctime_nsec=381976795}, AT_EMPTY_PATH) = 0
getcwd("/home/dima/oc/lab4", 128)       = 19
mmap(NULL, 16432, PROT_READ, MAP_PRIVATE|MAP_DENYWRITE, 3, 0) = 0x70bd84afc000
mmap(0x70bd84afd000, 4096, PROT_READ|PROT_EXEC, MAP_PRIVATE|MAP_FIXED|MAP_DENYWRITE, 3, 0x1000) = 0x70bd84afd000
mmap(0x70bd84afe000, 4096, PROT_READ, MAP_PRIVATE|MAP_FIXED|MAP_DENYWRITE, 3, 0x2000) = 0x70bd84afe000
mmap(0x70bd84aff000, 8192, PROT_READ|PROT_WRITE, MAP_PRIVATE|MAP_FIXED|MAP_DENYWRITE, 3, 0x2000) = 0x70bd84aff000
close(3)                                = 0
openat(AT_FDCWD, "/etc/ld.so.cache", O_RDONLY|O_CLOEXEC) = 3
newfstatat(3, "", {st_dev=makedev(0x103, 0x8), st_ino=1704392, st_mode=S_IFREG|0644, st_nlink=1, st_uid=0, st_gid=0, st_blksize=4096, st_blocks=120, st_size=58428, st_atime=1765354638 /* 2025-12-10T11:17:18.797615161+0300 */, st_atime_nsec=797615161, st_mtime=1765354638 /* 2025-12-10T11:17:18.745614418+0300 */, st_mtime_nsec=745614418, st_ctime=1765354638 /* 2025-12-10T11:17:18.748614461+0300 */, st_ctime_nsec=748614461}, AT_EMPTY_PATH) = 0
mmap(NULL, 58428, PROT_READ, MAP_PRIVATE, 3, 0) = 0x70bd84ae0000
close(3)                                = 0
openat(AT_FDCWD, "/lib/x86_64-linux-gnu/libm.so.6", O_RDONLY|O_CLOEXEC) = 3
read(3, "\177ELF\2\1\1\3\0\0\0\0\0\0\0\0\3\0>\0\1\0\0\0\0\0\0\0\0\0\0\0"..., 832) = 832
newfstatat(3, "", {st_dev=makedev(0x103, 0x8), st_ino=133239, st_mode=S_IFREG|0644, st_nlink=1, st_uid=0, st_gid=0, st_blksize=4096, st_blocks=1840, st_size=940560, st_atime=1765353930 /* 2025-12-10T11:05:30.859000179+0300 */, st_atime_nsec=859000179, st_mtime=1758122768 /* 2025-09-17T18:26:08+0300 */, st_mtime_nsec=0, st_ctime=1762246996 /* 2025-11-04T12:03:16.473341543+0300 */, st_ctime_nsec=473341543}, AT_EMPTY_PATH) = 0
mmap(NULL, 942344, PROT_READ, MAP_PRIVATE|MAP_DENYWRITE, 3, 0) = 0x70bd84719000
mmap(0x70bd84727000, 507904, PROT_READ|PROT_EXEC, MAP_PRIVATE|MAP_FIXED|MAP_DENYWRITE, 3, 0xe000) = 0x70bd84727000
mmap(0x70bd847a3000, 372736, PROT_READ, MAP_PRIVATE|MAP_FIXED|MAP_DENYWRITE, 3, 0x8a000) = 0x70bd847a3000
mmap(0x70bd847fe000, 8192, PROT_READ|PROT_WRITE, MAP_PRIVATE|MAP_FIXED|MAP_DENYWRITE, 3, 0xe4000) = 0x70bd847fe000
close(3)                                = 0
mprotect(0x70bd847fe000, 4096, PROT_READ) = 0
mprotect(0x70bd84aff000, 4096, PROT_READ) = 0
munmap(0x70bd84ae0000, 58428)           = 0
write(1, "\320\242\320\265\320\272\321\203\321\211\320\260\321\217 \321\200\320\265\320\260\320\273\320\270\320\267\320\260\321\206\320"..., 81) = 81
write(1, "\n", 1)                       = 1
newfstatat(0, "", {st_dev=makedev(0, 0x19), st_ino=3, st_mode=S_IFCHR|0620, st_nlink=1, st_uid=1000, st_gid=5, st_blksize=1024, st_blocks=0, st_rdev=makedev(0x88, 0), st_atime=1765368616 /* 2025-12-10T15:10:16+0300 */, st_atime_nsec=0, st_mtime=1765368616 /* 2025-12-10T15:10:16+0300 */, st_mtime_nsec=0, st_ctime=1765367525 /* 2025-12-10T14:52:05.042322038+0300 */, st_ctime_nsec=42322038}, AT_EMPTY_PATH) = 0
write(1, "\320\222\320\262\320\265\320\264\320\270\321\202\320\265 \320\272\320\276\320\274\320\260\320\275\320\264\321\203: ", 31) = 31
read(0, "2 1000\n", 1024)               = 7
write(1, "\320\240\320\265\320\267\321\203\320\273\321\214\321\202\320\260\321\202 (\320\237\321\200\321\217\320\274\320\276\321\203"..., 75) = 75
write(1, "\n", 1)                       = 1
write(1, "\320\222\320\262\320\265\320\264\320\270\321\202\320\265 \320\272\320\276\320\274\320\260\320\275\320\264\321\203: ", 31) = 31
read(0, "1 0 3.14 0.001\n", 1024)       = 15
write(1, "\320\240\320\265\320\267\321\203\320\273\321\214\321\202\320\260\321\202 (\320\237\321\200\321\217\320\274\320\276\321\203"..., 75) = 75
write(1, "\n", 1)                       = 1
write(1, "\320\222\320\262\320\265\320\264\320\270\321\202\320\265 \320\272\320\276\320\274\320\260\320\275\320\264\321\203: ", 31) = 31
read(0, "0\n", 1024)                    = 2
munmap(0x70bd84afc000, 16432)           = 0
munmap(0x70bd84719000, 942344)          = 0
openat(AT_FDCWD, "./libimplementation2.so", O_RDONLY|O_CLOEXEC) = 3
read(3, "\177ELF\2\1\1\0\0\0\0\0\0\0\0\0\3\0>\0\1\0\0\0\0\0\0\0\0\0\0\0"..., 832) = 832
newfstatat(3, "", {st_dev=makedev(0x103, 0x8), st_ino=2368034, st_mode=S_IFREG|0775, st_nlink=1, st_uid=1000, st_gid=1000, st_blksize=4096, st_blocks=32, st_size=15592, st_atime=1765368650 /* 2025-12-10T15:10:50.823671751+0300 */, st_atime_nsec=823671751, st_mtime=1765364698 /* 2025-12-10T14:04:58.431977761+0300 */, st_mtime_nsec=431977761, st_ctime=1765364698 /* 2025-12-10T14:04:58.431977761+0300 */, st_ctime_nsec=431977761}, AT_EMPTY_PATH) = 0
getcwd("/home/dima/oc/lab4", 128)       = 19
mmap(NULL, 16432, PROT_READ, MAP_PRIVATE|MAP_DENYWRITE, 3, 0) = 0x70bd84afc000
mmap(0x70bd84afd000, 4096, PROT_READ|PROT_EXEC, MAP_PRIVATE|MAP_FIXED|MAP_DENYWRITE, 3, 0x1000) = 0x70bd84afd000
mmap(0x70bd84afe000, 4096, PROT_READ, MAP_PRIVATE|MAP_FIXED|MAP_DENYWRITE, 3, 0x2000) = 0x70bd84afe000
mmap(0x70bd84aff000, 8192, PROT_READ|PROT_WRITE, MAP_PRIVATE|MAP_FIXED|MAP_DENYWRITE, 3, 0x2000) = 0x70bd84aff000
close(3)                                = 0
openat(AT_FDCWD, "/etc/ld.so.cache", O_RDONLY|O_CLOEXEC) = 3
newfstatat(3, "", {st_dev=makedev(0x103, 0x8), st_ino=1704392, st_mode=S_IFREG|0644, st_nlink=1, st_uid=0, st_gid=0, st_blksize=4096, st_blocks=120, st_size=58428, st_atime=1765354638 /* 2025-12-10T11:17:18.797615161+0300 */, st_atime_nsec=797615161, st_mtime=1765354638 /* 2025-12-10T11:17:18.745614418+0300 */, st_mtime_nsec=745614418, st_ctime=1765354638 /* 2025-12-10T11:17:18.748614461+0300 */, st_ctime_nsec=748614461}, AT_EMPTY_PATH) = 0
mmap(NULL, 58428, PROT_READ, MAP_PRIVATE, 3, 0) = 0x70bd84ae0000
close(3)                                = 0
openat(AT_FDCWD, "/lib/x86_64-linux-gnu/libm.so.6", O_RDONLY|O_CLOEXEC) = 3
read(3, "\177ELF\2\1\1\3\0\0\0\0\0\0\0\0\3\0>\0\1\0\0\0\0\0\0\0\0\0\0\0"..., 832) = 832
newfstatat(3, "", {st_dev=makedev(0x103, 0x8), st_ino=133239, st_mode=S_IFREG|0644, st_nlink=1, st_uid=0, st_gid=0, st_blksize=4096, st_blocks=1840, st_size=940560, st_atime=1765353930 /* 2025-12-10T11:05:30.859000179+0300 */, st_atime_nsec=859000179, st_mtime=1758122768 /* 2025-09-17T18:26:08+0300 */, st_mtime_nsec=0, st_ctime=1762246996 /* 2025-11-04T12:03:16.473341543+0300 */, st_ctime_nsec=473341543}, AT_EMPTY_PATH) = 0
mmap(NULL, 942344, PROT_READ, MAP_PRIVATE|MAP_DENYWRITE, 3, 0) = 0x70bd84719000
mmap(0x70bd84727000, 507904, PROT_READ|PROT_EXEC, MAP_PRIVATE|MAP_FIXED|MAP_DENYWRITE, 3, 0xe000) = 0x70bd84727000
mmap(0x70bd847a3000, 372736, PROT_READ, MAP_PRIVATE|MAP_FIXED|MAP_DENYWRITE, 3, 0x8a000) = 0x70bd847a3000
mmap(0x70bd847fe000, 8192, PROT_READ|PROT_WRITE, MAP_PRIVATE|MAP_FIXED|MAP_DENYWRITE, 3, 0xe4000) = 0x70bd847fe000
close(3)                                = 0
mprotect(0x70bd847fe000, 4096, PROT_READ) = 0
mprotect(0x70bd84aff000, 4096, PROT_READ) = 0
munmap(0x70bd84ae0000, 58428)           = 0
write(1, "\320\237\320\265\321\200\320\265\320\272\320\273\321\216\321\207\320\265\320\275\320\276 \320\275\320\260 \321\200\320\265"..., 80) = 80
write(1, "\n", 1)                       = 1
write(1, "\320\222\320\262\320\265\320\264\320\270\321\202\320\265 \320\272\320\276\320\274\320\260\320\275\320\264\321\203: ", 31) = 31
read(0, "2 1000\n", 1024)               = 7
write(1, "\320\240\320\265\320\267\321\203\320\273\321\214\321\202\320\260\321\202 (\320\242\321\200\320\260\320\277\320\265\321\206"..., 61) = 61
write(1, "\n", 1)                       = 1
write(1, "\320\222\320\262\320\265\320\264\320\270\321\202\320\265 \320\272\320\276\320\274\320\260\320\275\320\264\321\203: ", 31) = 31
read(0, "1 0 3.14 0.001\n", 1024)       = 15
write(1, "\320\240\320\265\320\267\321\203\320\273\321\214\321\202\320\260\321\202 (\320\242\321\200\320\260\320\277\320\265\321\206"..., 61) = 61
write(1, "\n", 1)                       = 1
write(1, "\320\222\320\262\320\265\320\264\320\270\321\202\320\265 \320\272\320\276\320\274\320\260\320\275\320\264\321\203: ", 31) = 31
read(0, "q\n", 1024)                    = 2
munmap(0x70bd84afc000, 16432)           = 0
munmap(0x70bd84719000, 942344)          = 0
exit_group(0)                           = ?
+++ exited with 0 +++
