execve("./median_filter", ["./median_filter", "4", "3", "2"], 0x7fff22057f98 /* 54 vars */) = 0
brk(NULL)                               = 0x5ab86ef0d000
arch_prctl(0x3001 /* ARCH_??? */, 0x7ffc723762a0) = -1 EINVAL (Invalid argument)
mmap(NULL, 8192, PROT_READ|PROT_WRITE, MAP_PRIVATE|MAP_ANONYMOUS, -1, 0) = 0x7e9979193000
access("/etc/ld.so.preload", R_OK)      = -1 ENOENT (No such file or directory)
openat(AT_FDCWD, "/etc/ld.so.cache", O_RDONLY|O_CLOEXEC) = 3
newfstatat(3, "", {st_mode=S_IFREG|0644, st_size=58428, ...}, AT_EMPTY_PATH) = 0
mmap(NULL, 58428, PROT_READ, MAP_PRIVATE, 3, 0) = 0x7e9979184000
close(3)                                = 0
openat(AT_FDCWD, "/lib/x86_64-linux-gnu/libc.so.6", O_RDONLY|O_CLOEXEC) = 3
read(3, "\177ELF\2\1\1\3\0\0\0\0\0\0\0\0\3\0>\0\1\0\0\0P\237\2\0\0\0\0\0"..., 832) = 832
pread64(3, "\6\0\0\0\4\0\0\0@\0\0\0\0\0\0\0@\0\0\0\0\0\0\0@\0\0\0\0\0\0\0"..., 784, 64) = 784
pread64(3, "\4\0\0\0 \0\0\0\5\0\0\0GNU\0\2\0\0\300\4\0\0\0\3\0\0\0\0\0\0\0"..., 48, 848) = 48
pread64(3, "\4\0\0\0\24\0\0\0\3\0\0\0GNU\0O{\f\225\\=\201\327\312\301P\32$\230\266\235"..., 68, 896) = 68
newfstatat(3, "", {st_mode=S_IFREG|0755, st_size=2220400, ...}, AT_EMPTY_PATH) = 0
pread64(3, "\6\0\0\0\4\0\0\0@\0\0\0\0\0\0\0@\0\0\0\0\0\0\0@\0\0\0\0\0\0\0"..., 784, 64) = 784
mmap(NULL, 2264656, PROT_READ, MAP_PRIVATE|MAP_DENYWRITE, 3, 0) = 0x7e9978e00000
mprotect(0x7e9978e28000, 2023424, PROT_NONE) = 0
mmap(0x7e9978e28000, 1658880, PROT_READ|PROT_EXEC, MAP_PRIVATE|MAP_FIXED|MAP_DENYWRITE, 3, 0x28000) = 0x7e9978e28000
mmap(0x7e9978fbd000, 360448, PROT_READ, MAP_PRIVATE|MAP_FIXED|MAP_DENYWRITE, 3, 0x1bd000) = 0x7e9978fbd000
mmap(0x7e9979016000, 24576, PROT_READ|PROT_WRITE, MAP_PRIVATE|MAP_FIXED|MAP_DENYWRITE, 3, 0x215000) = 0x7e9979016000
mmap(0x7e997901c000, 52816, PROT_READ|PROT_WRITE, MAP_PRIVATE|MAP_FIXED|MAP_ANONYMOUS, -1, 0) = 0x7e997901c000
close(3)                                = 0
mmap(NULL, 12288, PROT_READ|PROT_WRITE, MAP_PRIVATE|MAP_ANONYMOUS, -1, 0) = 0x7e9979181000
arch_prctl(ARCH_SET_FS, 0x7e9979181740) = 0
set_tid_address(0x7e9979181a10)         = 23637
set_robust_list(0x7e9979181a20, 24)     = 0
rseq(0x7e99791820e0, 0x20, 0, 0x53053053) = 0
mprotect(0x7e9979016000, 16384, PROT_READ) = 0
mprotect(0x5ab8528f7000, 4096, PROT_READ) = 0
mprotect(0x7e99791cd000, 8192, PROT_READ) = 0
prlimit64(0, RLIMIT_STACK, NULL, {rlim_cur=8192*1024, rlim_max=RLIM64_INFINITY}) = 0
munmap(0x7e9979184000, 58428)           = 0
getrandom("\xc8\x49\x62\x1b\xa8\xee\xe5\x41", 8, GRND_NONBLOCK) = 8
brk(NULL)                               = 0x5ab86ef0d000
brk(0x5ab86ef2e000)                     = 0x5ab86ef2e000
newfstatat(1, "", {st_mode=S_IFCHR|0620, st_rdev=makedev(0x88, 0), ...}, AT_EMPTY_PATH) = 0
write(1, "\320\234\320\260\320\272\321\201\320\270\320\274\320\260\320\273\321\214\320\275\320\276\320\265 \320\272\320\276\320\273\320"..., 64) = 64
write(1, "\320\240\320\260\320\267\320\274\320\265\321\200 \320\276\320\272\320\275\320\260: 3\n", 25) = 25
write(1, "\320\232\320\276\320\273\320\270\321\207\320\265\321\201\321\202\320\262\320\276 \320\270\321\202\320\265\321\200\320\260\321"..., 41) = 41
write(1, "\320\240\320\260\320\267\320\274\320\265\321\200 \320\274\320\260\321\202\321\200\320\270\321\206\321\213: 20 "..., 37) = 37
getpid()                                = 23637
write(1, "PID \320\277\321\200\320\276\321\206\320\265\321\201\321\201\320\260: 23637\n", 28) = 28
write(1, "\n", 1)                       = 1
write(1, "\320\230\321\201\321\205\320\276\320\264\320\275\320\260\321\217 \320\274\320\260\321\202\321\200\320\270\321\206\320\260:"..., 33) = 33
write(1, "  82   37   78   33   39   58   "..., 101) = 101
write(1, "  11   95    4   12   57   86   "..., 101) = 101
write(1, "  16   15   74   55   26   42   "..., 101) = 101
write(1, "  57   12   83   81   59   46   "..., 101) = 101
write(1, "  49   70   64   44   41   30   "..., 101) = 101
write(1, "  88   82   98    3   13   45   "..., 101) = 101
write(1, "  80   70   12   79    9    8   "..., 101) = 101
write(1, "  84   58   53    3   23   50   "..., 101) = 101
write(1, "  66   16   32   20   72   75   "..., 101) = 101
write(1, "  51   73   49    4   57    3   "..., 101) = 101
write(1, "  25   75   13   32   57   14   "..., 101) = 101
write(1, "  92   95   91   90   24   29   "..., 101) = 101
write(1, "  44    4   44   32   24   88   "..., 101) = 101
write(1, "  57   77   37   93   36    4   "..., 101) = 101
write(1, "  28   78    0    6   45   85   "..., 101) = 101
write(1, "  53   35   56   83    0   23   "..., 101) = 101
write(1, "   6    8   27   75   43   16   "..., 101) = 101
write(1, "  67   54   62   44   18   68   "..., 101) = 101
write(1, "  96   29   90   31   49   21   "..., 101) = 101
write(1, "  55   58   13   95   38   29   "..., 101) = 101
write(1, "\320\230\321\202\320\265\321\200\320\260\321\206\320\270\321\217 1\n", 19) = 19
write(1, "\320\237\320\276\321\202\320\276\320\272 0 \320\276\320\261\321\200\320\260\320\261\320\260\321\202\321\213\320\262\320"..., 55) = 55
write(1, "\320\237\320\276\321\202\320\276\320\272 1 \320\276\320\261\321\200\320\260\320\261\320\260\321\202\321\213\320\262\320"..., 55) = 55
write(1, "\320\237\320\276\321\202\320\276\320\272 2 \320\276\320\261\321\200\320\260\320\261\320\260\321\202\321\213\320\262\320"..., 57) = 57
write(1, "\320\237\320\276\321\202\320\276\320\272 3 \320\276\320\261\321\200\320\260\320\261\320\260\321\202\321\213\320\262\320"..., 57) = 57
rt_sigaction(SIGRT_1, {sa_handler=0x7e9978e91870, sa_mask=[], sa_flags=SA_RESTORER|SA_ONSTACK|SA_RESTART|SA_SIGINFO, sa_restorer=0x7e9978e42520}, NULL, 8) = 0
rt_sigprocmask(SIG_UNBLOCK, [RTMIN RT_1], NULL, 8) = 0
mmap(NULL, 8392704, PROT_NONE, MAP_PRIVATE|MAP_ANONYMOUS|MAP_STACK, -1, 0) = 0x7e99785ff000
mprotect(0x7e9978600000, 8388608, PROT_READ|PROT_WRITE) = 0
rt_sigprocmask(SIG_BLOCK, ~[], [], 8)   = 0
clone3({flags=CLONE_VM|CLONE_FS|CLONE_FILES|CLONE_SIGHAND|CLONE_THREAD|CLONE_SYSVSEM|CLONE_SETTLS|CLONE_PARENT_SETTID|CLONE_CHILD_CLEARTID, child_tid=0x7e9978dff910, parent_tid=0x7e9978dff910, exit_signal=0, stack=0x7e99785ff000, stack_size=0x7fff00, tls=0x7e9978dff640} => {parent_tid=[23638]}, 88) = 23638
rt_sigprocmask(SIG_SETMASK, [], NULL, 8) = 0
clock_nanosleep(CLOCK_REALTIME, 0, {tv_sec=0, tv_nsec=1000000}, NULL) = 0
mmap(NULL, 8392704, PROT_NONE, MAP_PRIVATE|MAP_ANONYMOUS|MAP_STACK, -1, 0) = 0x7e99737ff000
mprotect(0x7e9973800000, 8388608, PROT_READ|PROT_WRITE) = 0
rt_sigprocmask(SIG_BLOCK, ~[], [], 8)   = 0
clone3({flags=CLONE_VM|CLONE_FS|CLONE_FILES|CLONE_SIGHAND|CLONE_THREAD|CLONE_SYSVSEM|CLONE_SETTLS|CLONE_PARENT_SETTID|CLONE_CHILD_CLEARTID, child_tid=0x7e9973fff910, parent_tid=0x7e9973fff910, exit_signal=0, stack=0x7e99737ff000, stack_size=0x7fff00, tls=0x7e9973fff640} => {parent_tid=[23639]}, 88) = 23639
rt_sigprocmask(SIG_SETMASK, [], NULL, 8) = 0
clock_nanosleep(CLOCK_REALTIME, 0, {tv_sec=0, tv_nsec=1000000}, NULL) = 0
mmap(NULL, 8392704, PROT_NONE, MAP_PRIVATE|MAP_ANONYMOUS|MAP_STACK, -1, 0) = 0x7e9972ffe000
mprotect(0x7e9972fff000, 8388608, PROT_READ|PROT_WRITE) = 0
rt_sigprocmask(SIG_BLOCK, ~[], [], 8)   = 0
clone3({flags=CLONE_VM|CLONE_FS|CLONE_FILES|CLONE_SIGHAND|CLONE_THREAD|CLONE_SYSVSEM|CLONE_SETTLS|CLONE_PARENT_SETTID|CLONE_CHILD_CLEARTID, child_tid=0x7e99737fe910, parent_tid=0x7e99737fe910, exit_signal=0, stack=0x7e9972ffe000, stack_size=0x7fff00, tls=0x7e99737fe640} => {parent_tid=[23640]}, 88) = 23640
rt_sigprocmask(SIG_SETMASK, [], NULL, 8) = 0
clock_nanosleep(CLOCK_REALTIME, 0, {tv_sec=0, tv_nsec=1000000}, NULL) = 0
mmap(NULL, 8392704, PROT_NONE, MAP_PRIVATE|MAP_ANONYMOUS|MAP_STACK, -1, 0) = 0x7e99727fd000
mprotect(0x7e99727fe000, 8388608, PROT_READ|PROT_WRITE) = 0
rt_sigprocmask(SIG_BLOCK, ~[], [], 8)   = 0
clone3({flags=CLONE_VM|CLONE_FS|CLONE_FILES|CLONE_SIGHAND|CLONE_THREAD|CLONE_SYSVSEM|CLONE_SETTLS|CLONE_PARENT_SETTID|CLONE_CHILD_CLEARTID, child_tid=0x7e9972ffd910, parent_tid=0x7e9972ffd910, exit_signal=0, stack=0x7e99727fd000, stack_size=0x7fff00, tls=0x7e9972ffd640} => {parent_tid=[23641]}, 88) = 23641
rt_sigprocmask(SIG_SETMASK, [], NULL, 8) = 0
clock_nanosleep(CLOCK_REALTIME, 0, {tv_sec=0, tv_nsec=1000000}, NULL) = 0
write(1, "\n", 1)                       = 1
write(1, "\320\234\320\260\321\202\321\200\320\270\321\206\320\260 \320\277\320\276\321\201\320\273\320\265 \320\270\321\202\320\265"..., 46) = 46
write(1, "  82   78   37   39   57   58   "..., 101) = 101
write(1, "  37   37   37   39   42   42   "..., 101) = 101
write(1, "  16   16   55   57   55   57   "..., 101) = 101
write(1, "  49   57   64   59   44   42   "..., 101) = 101
write(1, "  70   70   70   59   44   45   "..., 101) = 101
write(1, "  80   70   70   41   30   41   "..., 101) = 101
write(1, "  82   80   58   13   13   41   "..., 101) = 101
write(1, "  70   58   32   23   23   41   "..., 101) = 101
write(1, "  66   53   32   32   23   50   "..., 101) = 101
write(1, "  66   49   32   32   32   57   "..., 101) = 101
write(1, "  75   73   73   49   29   29   "..., 101) = 101
write(1, "  75   44   44   32   32   57   "..., 101) = 101
write(1, "  77   57   77   37   32   36   "..., 101) = 101
write(1, "  57   44   37   36   36   37   "..., 101) = 101
write(1, "  57   53   56   37   36   36   "..., 101) = 101
write(1, "  35   28   35   43   43   43   "..., 101) = 101
write(1, "  53   53   54   44   43   43   "..., 101) = 101
write(1, "  54   54   44   44   43   43   "..., 101) = 101
write(1, "  58   58   54   44   38   29   "..., 101) = 101
write(1, "  58   58   58   49   38   29   "..., 101) = 101
write(1, "\320\230\321\202\320\265\321\200\320\260\321\206\320\270\321\217 2\n", 19) = 19
write(1, "\320\237\320\276\321\202\320\276\320\272 0 \320\276\320\261\321\200\320\260\320\261\320\260\321\202\321\213\320\262\320"..., 55) = 55
write(1, "\320\237\320\276\321\202\320\276\320\272 1 \320\276\320\261\321\200\320\260\320\261\320\260\321\202\321\213\320\262\320"..., 55) = 55
write(1, "\320\237\320\276\321\202\320\276\320\272 2 \320\276\320\261\321\200\320\260\320\261\320\260\321\202\321\213\320\262\320"..., 57) = 57
write(1, "\320\237\320\276\321\202\320\276\320\272 3 \320\276\320\261\321\200\320\260\320\261\320\260\321\202\321\213\320\262\320"..., 57) = 57
rt_sigprocmask(SIG_BLOCK, ~[], [], 8)   = 0
clone3({flags=CLONE_VM|CLONE_FS|CLONE_FILES|CLONE_SIGHAND|CLONE_THREAD|CLONE_SYSVSEM|CLONE_SETTLS|CLONE_PARENT_SETTID|CLONE_CHILD_CLEARTID, child_tid=0x7e9972ffd910, parent_tid=0x7e9972ffd910, exit_signal=0, stack=0x7e99727fd000, stack_size=0x7fff00, tls=0x7e9972ffd640} => {parent_tid=[23642]}, 88) = 23642
rt_sigprocmask(SIG_SETMASK, [], NULL, 8) = 0
clock_nanosleep(CLOCK_REALTIME, 0, {tv_sec=0, tv_nsec=1000000}, NULL) = 0
rt_sigprocmask(SIG_BLOCK, ~[], [], 8)   = 0
clone3({flags=CLONE_VM|CLONE_FS|CLONE_FILES|CLONE_SIGHAND|CLONE_THREAD|CLONE_SYSVSEM|CLONE_SETTLS|CLONE_PARENT_SETTID|CLONE_CHILD_CLEARTID, child_tid=0x7e99737fe910, parent_tid=0x7e99737fe910, exit_signal=0, stack=0x7e9972ffe000, stack_size=0x7fff00, tls=0x7e99737fe640} => {parent_tid=[23643]}, 88) = 23643
rt_sigprocmask(SIG_SETMASK, [], NULL, 8) = 0
clock_nanosleep(CLOCK_REALTIME, 0, {tv_sec=0, tv_nsec=1000000}, NULL) = 0
rt_sigprocmask(SIG_BLOCK, ~[], [], 8)   = 0
clone3({flags=CLONE_VM|CLONE_FS|CLONE_FILES|CLONE_SIGHAND|CLONE_THREAD|CLONE_SYSVSEM|CLONE_SETTLS|CLONE_PARENT_SETTID|CLONE_CHILD_CLEARTID, child_tid=0x7e9973fff910, parent_tid=0x7e9973fff910, exit_signal=0, stack=0x7e99737ff000, stack_size=0x7fff00, tls=0x7e9973fff640} => {parent_tid=[23644]}, 88) = 23644
rt_sigprocmask(SIG_SETMASK, [], NULL, 8) = 0
clock_nanosleep(CLOCK_REALTIME, 0, {tv_sec=0, tv_nsec=1000000}, NULL) = 0
rt_sigprocmask(SIG_BLOCK, ~[], [], 8)   = 0
clone3({flags=CLONE_VM|CLONE_FS|CLONE_FILES|CLONE_SIGHAND|CLONE_THREAD|CLONE_SYSVSEM|CLONE_SETTLS|CLONE_PARENT_SETTID|CLONE_CHILD_CLEARTID, child_tid=0x7e9978dff910, parent_tid=0x7e9978dff910, exit_signal=0, stack=0x7e99785ff000, stack_size=0x7fff00, tls=0x7e9978dff640} => {parent_tid=[23645]}, 88) = 23645
rt_sigprocmask(SIG_SETMASK, [], NULL, 8) = 0
clock_nanosleep(CLOCK_REALTIME, 0, {tv_sec=0, tv_nsec=1000000}, NULL) = 0
write(1, "\n", 1)                       = 1
write(1, "\320\234\320\260\321\202\321\200\320\270\321\206\320\260 \320\277\320\276\321\201\320\273\320\265 \320\270\321\202\320\265"..., 46) = 46
write(1, "  78   37   39   39   42   57   "..., 101) = 101
write(1, "  37   37   39   42   55   55   "..., 101) = 101
write(1, "  37   37   55   55   44   44   "..., 101) = 101
write(1, "  57   57   59   57   55   45   "..., 101) = 101
write(1, "  70   70   64   59   44   44   "..., 101) = 101
write(1, "  80   70   70   44   41   44   "..., 101) = 101
write(1, "  80   70   58   30   30   41   "..., 101) = 101
write(1, "  70   58   32   23   23   41   "..., 101) = 101
write(1, "  66   53   32   32   32   32   "..., 101) = 101
write(1, "  66   66   49   32   32   29   "..., 101) = 101
write(1, "  73   66   44   32   32   32   "..., 101) = 101
write(1, "  75   73   49   37   32   32   "..., 101) = 101
write(1, "  57   57   44   36   36   37   "..., 101) = 101
write(1, "  57   57   44   37   36   36   "..., 101) = 101
write(1, "  53   44   37   37   37   36   "..., 101) = 101
write(1, "  53   53   44   43   43   36   "..., 101) = 101
write(1, "  53   53   44   43   43   43   "..., 101) = 101
write(1, "  54   54   53   44   43   38   "..., 101) = 101
write(1, "  58   58   54   44   43   34   "..., 101) = 101
write(1, "  58   58   58   49   38   29   "..., 101) = 101
exit_group(0)                           = ?
+++ exited with 0 +++
