22792 14:48:35.228430 execve("./parent", ["./parent", "input.txt"], 0x7ffcd0449fd8 /* 54 vars */) = 0
22792 14:48:35.230159 brk(NULL)         = 0x64baabffd000
22792 14:48:35.230459 mmap(NULL, 8192, PROT_READ|PROT_WRITE, MAP_PRIVATE|MAP_ANONYMOUS, -1, 0) = 0x700e8dced000
22792 14:48:35.230590 access("/etc/ld.so.preload", R_OK) = -1 ENOENT (No such file or directory)
22792 14:48:35.230837 openat(AT_FDCWD, "/etc/ld.so.cache", O_RDONLY|O_CLOEXEC) = 3
22792 14:48:35.230936 newfstatat(3, "", {st_mode=S_IFREG|0644, st_size=58428, ...}, AT_EMPTY_PATH) = 0
22792 14:48:35.231014 mmap(NULL, 58428, PROT_READ, MAP_PRIVATE, 3, 0) = 0x700e8dcde000
22792 14:48:35.231118 openat(AT_FDCWD, "/lib/x86_64-linux-gnu/libc.so.6", O_RDONLY|O_CLOEXEC) = 3
22792 14:48:35.231307 newfstatat(3, "", {st_mode=S_IFREG|0755, st_size=2220400, ...}, AT_EMPTY_PATH) = 0
22792 14:48:35.231404 mmap(NULL, 2264656, PROT_READ, MAP_PRIVATE|MAP_DENYWRITE, 3, 0) = 0x700e8da00000
22792 14:48:35.231469 mprotect(0x700e8da28000, 2023424, PROT_NONE) = 0
22792 14:48:35.231544 mmap(0x700e8da28000, 1658880, PROT_READ|PROT_EXEC, MAP_PRIVATE|MAP_FIXED|MAP_DENYWRITE, 3, 0x28000) = 0x700e8da28000
22792 14:48:35.231653 mmap(0x700e8dbbd000, 360448, PROT_READ, MAP_PRIVATE|MAP_FIXED|MAP_DENYWRITE, 3, 0x1bd000) = 0x700e8dbbd000
22792 14:48:35.231799 mmap(0x700e8dc16000, 24576, PROT_READ|PROT_WRITE, MAP_PRIVATE|MAP_FIXED|MAP_DENYWRITE, 3, 0x215000) = 0x700e8dc16000
22792 14:48:35.231989 mmap(0x700e8dc1c000, 52816, PROT_READ|PROT_WRITE, MAP_PRIVATE|MAP_FIXED|MAP_ANONYMOUS, -1, 0) = 0x700e8dc1c000
22792 14:48:35.232270 mmap(NULL, 12288, PROT_READ|PROT_WRITE, MAP_PRIVATE|MAP_ANONYMOUS, -1, 0) = 0x700e8dcdb000
22792 14:48:35.232600 mprotect(0x700e8dc16000, 16384, PROT_READ) = 0
22792 14:48:35.232710 mprotect(0x64ba8aa52000, 4096, PROT_READ) = 0
22792 14:48:35.232794 mprotect(0x700e8dd27000, 8192, PROT_READ) = 0
22792 14:48:35.232940 munmap(0x700e8dcde000, 58428) = 0
22792 14:48:35.233049 access("input.txt", F_OK) = 0
22792 14:48:35.233136 openat(AT_FDCWD, "/dev/shm/child_parent_shm", O_RDWR|O_CREAT|O_NOFOLLOW|O_CLOEXEC, 0666) = 3
22792 14:48:35.233276 mmap(NULL, 4104, PROT_READ|PROT_WRITE, MAP_SHARED, 3, 0) = 0x700e8dceb000
22792 14:48:35.233380 clone(child_stack=NULL, flags=CLONE_CHILD_CLEARTID|CLONE_CHILD_SETTID|SIGCHLD, child_tidptr=0x700e8dcdba10) = 22794
22792 14:48:35.233683 newfstatat(1, "", {st_mode=S_IFCHR|0620, st_rdev=makedev(0x88, 0), ...}, AT_EMPTY_PATH) = 0
22792 14:48:35.233822 brk(NULL)         = 0x64baabffd000
22794 14:48:35.233868 execve("./child", ["child"], 0x7ffc6fdb2d90 /* 54 vars */ <unfinished ...>
22792 14:48:35.233908 brk(0x64baac01e000) = 0x64baac01e000
22792 14:48:35.234048 wait4(22794, 0x7ffc6fdb2b14, WNOHANG, NULL) = 0
22794 14:48:35.234243 <... execve resumed>) = 0
22794 14:48:35.234343 brk(NULL)         = 0x641d8351e000
22794 14:48:35.234505 mmap(NULL, 8192, PROT_READ|PROT_WRITE, MAP_PRIVATE|MAP_ANONYMOUS, -1, 0) = 0x766d226e3000
22794 14:48:35.234593 access("/etc/ld.so.preload", R_OK) = -1 ENOENT (No such file or directory)
22794 14:48:35.234695 openat(AT_FDCWD, "/etc/ld.so.cache", O_RDONLY|O_CLOEXEC) = 3
22794 14:48:35.234775 newfstatat(3, "", {st_mode=S_IFREG|0644, st_size=58428, ...}, AT_EMPTY_PATH) = 0
22794 14:48:35.234850 mmap(NULL, 58428, PROT_READ, MAP_PRIVATE, 3, 0) = 0x766d226d4000
22794 14:48:35.234963 openat(AT_FDCWD, "/lib/x86_64-linux-gnu/libc.so.6", O_RDONLY|O_CLOEXEC) = 3
22794 14:48:35.235173 newfstatat(3, "", {st_mode=S_IFREG|0755, st_size=2220400, ...}, AT_EMPTY_PATH) = 0
22794 14:48:35.235277 mmap(NULL, 2264656, PROT_READ, MAP_PRIVATE|MAP_DENYWRITE, 3, 0) = 0x766d22400000
22794 14:48:35.235344 mprotect(0x766d22428000, 2023424, PROT_NONE) = 0
22794 14:48:35.235417 mmap(0x766d22428000, 1658880, PROT_READ|PROT_EXEC, MAP_PRIVATE|MAP_FIXED|MAP_DENYWRITE, 3, 0x28000) = 0x766d22428000
22794 14:48:35.235494 mmap(0x766d225bd000, 360448, PROT_READ, MAP_PRIVATE|MAP_FIXED|MAP_DENYWRITE, 3, 0x1bd000) = 0x766d225bd000
22794 14:48:35.235570 mmap(0x766d22616000, 24576, PROT_READ|PROT_WRITE, MAP_PRIVATE|MAP_FIXED|MAP_DENYWRITE, 3, 0x215000) = 0x766d22616000
22794 14:48:35.235687 mmap(0x766d2261c000, 52816, PROT_READ|PROT_WRITE, MAP_PRIVATE|MAP_FIXED|MAP_ANONYMOUS, -1, 0) = 0x766d2261c000
22794 14:48:35.235837 mmap(NULL, 12288, PROT_READ|PROT_WRITE, MAP_PRIVATE|MAP_ANONYMOUS, -1, 0) = 0x766d226d1000
22794 14:48:35.236132 mprotect(0x766d22616000, 16384, PROT_READ) = 0
22794 14:48:35.236217 mprotect(0x641d52bb2000, 4096, PROT_READ) = 0
22794 14:48:35.236296 mprotect(0x766d2271d000, 8192, PROT_READ) = 0
22794 14:48:35.236515 munmap(0x766d226d4000, 58428) = 0
22794 14:48:35.236661 openat(AT_FDCWD, "/dev/shm/child_parent_shm", O_RDWR|O_NOFOLLOW|O_CLOEXEC) = 3
22794 14:48:35.236765 mmap(NULL, 4104, PROT_READ|PROT_WRITE, MAP_SHARED, 3, 0) = 0x766d226e1000
22794 14:48:35.236891 brk(NULL)         = 0x641d8351e000
22794 14:48:35.236950 brk(0x641d8353f000) = 0x641d8353f000
22794 14:48:35.237037 openat(AT_FDCWD, "input.txt", O_RDONLY) = 4
22794 14:48:35.237116 newfstatat(4, "", {st_mode=S_IFREG|0664, st_size=81, ...}, AT_EMPTY_PATH) = 0
22792 14:48:35.334389 wait4(22794, 0x7ffc6fdb2b14, WNOHANG, NULL) = 0
22792 14:48:35.435080 wait4(22794, 0x7ffc6fdb2b14, WNOHANG, NULL) = 0
22792 14:48:35.536425 wait4(22794, 0x7ffc6fdb2b14, WNOHANG, NULL) = 0
22792 14:48:35.638116 wait4(22794, 0x7ffc6fdb2b14, WNOHANG, NULL) = 0
22792 14:48:35.739925 wait4(22794, 0x7ffc6fdb2b14, WNOHANG, NULL) = 0
22792 14:48:35.840838 wait4(22794, 0x7ffc6fdb2b14, WNOHANG, NULL) = 0
22792 14:48:35.941749 wait4(22794, 0x7ffc6fdb2b14, WNOHANG, NULL) = 0
22792 14:48:36.043164 wait4(22794, 0x7ffc6fdb2b14, WNOHANG, NULL) = 0
22792 14:48:36.145255 wait4(22794, 0x7ffc6fdb2b14, WNOHANG, NULL) = 0
22792 14:48:36.247256 wait4(22794, 0x7ffc6fdb2b14, WNOHANG, NULL) = 0
22792 14:48:36.348917 wait4(22794, 0x7ffc6fdb2b14, WNOHANG, NULL) = 0
22792 14:48:36.450172 wait4(22794, 0x7ffc6fdb2b14, WNOHANG, NULL) = 0
22792 14:48:36.551524 wait4(22794, 0x7ffc6fdb2b14, WNOHANG, NULL) = 0
22792 14:48:36.653138 wait4(22794, 0x7ffc6fdb2b14, WNOHANG, NULL) = 0
22792 14:48:36.754096 wait4(22794, 0x7ffc6fdb2b14, WNOHANG, NULL) = 0
22792 14:48:36.855710 wait4(22794, 0x7ffc6fdb2b14, WNOHANG, NULL) = 0
22792 14:48:36.957455 wait4(22794, 0x7ffc6fdb2b14, WNOHANG, NULL) = 0
22792 14:48:37.059539 wait4(22794, 0x7ffc6fdb2b14, WNOHANG, NULL) = 0
22792 14:48:37.161432 wait4(22794, 0x7ffc6fdb2b14, WNOHANG, NULL) = 0
22792 14:48:37.262914 wait4(22794, 0x7ffc6fdb2b14, WNOHANG, NULL) = 0
22792 14:48:37.264557 wait4(22794,  <unfinished ...>
22794 14:48:37.313999 munmap(0x766d226e1000, 4104) = 0
22794 14:48:37.314923 exit_group(0)     = ?
22794 14:48:37.315568 +++ exited with 0 +++
22792 14:48:37.315702 <... wait4 resumed>[{WIFEXITED(s) && WEXITSTATUS(s) == 0}], 0, NULL) = 22794
22792 14:48:37.315968 --- SIGCHLD {si_signo=SIGCHLD, si_code=CLD_EXITED, si_pid=22794, si_uid=1000, si_status=0, si_utime=0, si_stime=0} ---
22792 14:48:37.316357 munmap(0x700e8dceb000, 4104) = 0
22792 14:48:37.316815 unlink("/dev/shm/child_parent_shm") = 0
22792 14:48:37.317178 exit_group(0)     = ?
22792 14:48:37.317488 +++ exited with 0 +++
